Determining if the pthread_create exist failed with the following output:
Change Dir: /home/sfy/robotdevelop/project/others/catkin_ws/build/CMakeFiles/CMakeTmp

Run Build Command:"/usr/bin/make" "cmTC_6652a/fast"
/usr/bin/make -f CMakeFiles/cmTC_6652a.dir/build.make CMakeFiles/cmTC_6652a.dir/build
make[1]: Entering directory '/home/sfy/robotdevelop/project/others/catkin_ws/build/CMakeFiles/CMakeTmp'
Building C object CMakeFiles/cmTC_6652a.dir/CheckSymbolExists.c.o
/usr/bin/cc     -o CMakeFiles/cmTC_6652a.dir/CheckSymbolExists.c.o   -c /home/sfy/robotdevelop/project/others/catkin_ws/build/CMakeFiles/CMakeTmp/CheckSymbolExists.c
Linking C executable cmTC_6652a
/usr/bin/cmake -E cmake_link_script CMakeFiles/cmTC_6652a.dir/link.txt --verbose=1
/usr/bin/cc       CMakeFiles/cmTC_6652a.dir/CheckSymbolExists.c.o  -o cmTC_6652a -rdynamic 
CMakeFiles/cmTC_6652a.dir/CheckSymbolExists.c.o: In function `main':
CheckSymbolExists.c:(.text+0x16): undefined reference to `pthread_create'
collect2: error: ld returned 1 exit status
CMakeFiles/cmTC_6652a.dir/build.make:97: recipe for target 'cmTC_6652a' failed
make[1]: *** [cmTC_6652a] Error 1
make[1]: Leaving directory '/home/sfy/robotdevelop/project/others/catkin_ws/build/CMakeFiles/CMakeTmp'
Makefile:126: recipe for target 'cmTC_6652a/fast' failed
make: *** [cmTC_6652a/fast] Error 2

File /home/sfy/robotdevelop/project/others/catkin_ws/build/CMakeFiles/CMakeTmp/CheckSymbolExists.c:
/* */
#include <pthread.h>

int main(int argc, char** argv)
{
  (void)argv;
#ifndef pthread_create
  return ((int*)(&pthread_create))[argc];
#else
  (void)argc;
  return 0;
#endif
}

Determining if the function pthread_create exists in the pthreads failed with the following output:
Change Dir: /home/sfy/robotdevelop/project/others/catkin_ws/build/CMakeFiles/CMakeTmp

Run Build Command:"/usr/bin/make" "cmTC_57208/fast"
/usr/bin/make -f CMakeFiles/cmTC_57208.dir/build.make CMakeFiles/cmTC_57208.dir/build
make[1]: Entering directory '/home/sfy/robotdevelop/project/others/catkin_ws/build/CMakeFiles/CMakeTmp'
Building C object CMakeFiles/cmTC_57208.dir/CheckFunctionExists.c.o
/usr/bin/cc    -DCHECK_FUNCTION_EXISTS=pthread_create   -o CMakeFiles/cmTC_57208.dir/CheckFunctionExists.c.o   -c /usr/share/cmake-3.5/Modules/CheckFunctionExists.c
Linking C executable cmTC_57208
/usr/bin/cmake -E cmake_link_script CMakeFiles/cmTC_57208.dir/link.txt --verbose=1
/usr/bin/cc   -DCHECK_FUNCTION_EXISTS=pthread_create    CMakeFiles/cmTC_57208.dir/CheckFunctionExists.c.o  -o cmTC_57208 -rdynamic -lpthreads 
/usr/bin/ld: cannot find -lpthreads
collect2: error: ld returned 1 exit status
CMakeFiles/cmTC_57208.dir/build.make:97: recipe for target 'cmTC_57208' failed
make[1]: *** [cmTC_57208] Error 1
make[1]: Leaving directory '/home/sfy/robotdevelop/project/others/catkin_ws/build/CMakeFiles/CMakeTmp'
Makefile:126: recipe for target 'cmTC_57208/fast' failed
make: *** [cmTC_57208/fast] Error 2


